<?xml version="1.0" encoding="UTF-8"?>
<testng-results ignored="0" total="6" passed="6" failed="0" skipped="0">
  <reporter-output>
    <line>
      <![CDATA[server connected sucessfully]]>
    </line>
    <line>
      <![CDATA[database connected sucessfully]]>
    </line>
    <line>
      <![CDATA[Browser chrome launched successfully]]>
    </line>
    <line>
      <![CDATA[Browser closed successfully]]>
    </line>
    <line>
      <![CDATA[Browser chrome launched successfully]]>
    </line>
    <line>
      <![CDATA[Browser closed successfully]]>
    </line>
    <line>
      <![CDATA[database closed sucessfully]]>
    </line>
    <line>
      <![CDATA[server closed successfully]]>
    </line>
  </reporter-output>
  <suite started-at="2026-02-08T11:45:59 IST" name="Surefire suite" finished-at="2026-02-08T11:46:35 IST" duration-ms="35624">
    <groups>
      <group name="ST">
        <method signature="RegisterTest.automateRegisterFunctionality(java.lang.String,java.lang.String,java.lang.String,java.lang.String)[pri:0, instance:com.Ecommercecom.Register.RegisterTest@c88a337]" name="automateRegisterFunctionality" class="com.Ecommercecom.Register.RegisterTest"/>
      </group> <!-- ST -->
      <group name="RT">
        <method signature="LoginTest.automateLogin(java.lang.String,java.lang.String)[pri:0, instance:com.Ecommerce.Login.LoginTest@1b2abca6]" name="automateLogin" class="com.Ecommerce.Login.LoginTest"/>
      </group> <!-- RT -->
      <group name="FT">
        <method signature="LoginTest.automateLogin(java.lang.String,java.lang.String)[pri:0, instance:com.Ecommerce.Login.LoginTest@1b2abca6]" name="automateLogin" class="com.Ecommerce.Login.LoginTest"/>
      </group> <!-- FT -->
    </groups>
    <test started-at="2026-02-08T11:45:59 IST" name="Surefire test" finished-at="2026-02-08T11:46:35 IST" duration-ms="35624">
      <class name="com.Ecommerce.Login.LoginTest">
        <test-method is-config="true" signature="toConnectServer()[pri:0, instance:com.Ecommerce.Login.LoginTest@1b2abca6]" started-at="2026-02-08T11:45:59 IST" name="toConnectServer" finished-at="2026-02-08T11:45:59 IST" duration-ms="16" status="PASS">
          <reporter-output>
            <line>
              <![CDATA[server connected sucessfully]]>
            </line>
          </reporter-output>
        </test-method> <!-- toConnectServer -->
        <test-method is-config="true" signature="toConnectDatabase()[pri:0, instance:com.Ecommerce.Login.LoginTest@1b2abca6]" started-at="2026-02-08T11:45:59 IST" name="toConnectDatabase" finished-at="2026-02-08T11:45:59 IST" duration-ms="1" status="PASS">
          <reporter-output>
            <line>
              <![CDATA[database connected sucessfully]]>
            </line>
          </reporter-output>
        </test-method> <!-- toConnectDatabase -->
        <test-method is-config="true" signature="setUp(java.lang.String)[pri:0, instance:com.Ecommerce.Login.LoginTest@1b2abca6]" started-at="2026-02-08T11:45:59 IST" name="setUp" finished-at="2026-02-08T11:46:06 IST" duration-ms="7168" status="PASS">
          <params>
            <param index="0">
              <value>
                <![CDATA[chrome]]>
              </value>
            </param>
          </params>
          <reporter-output>
            <line>
              <![CDATA[Browser chrome launched successfully]]>
            </line>
          </reporter-output>
        </test-method> <!-- setUp -->
        <test-method signature="automateLogin(java.lang.String,java.lang.String)[pri:0, instance:com.Ecommerce.Login.LoginTest@1b2abca6]" started-at="2026-02-08T11:46:08 IST" name="automateLogin" data-provider="loginData" finished-at="2026-02-08T11:46:10 IST" duration-ms="2221" status="PASS">
          <params>
            <param index="0">
              <value>
                <![CDATA[liam.oc@sample.io]]>
              </value>
            </param>
            <param index="1">
              <value>
                <![CDATA[Br1ckW@ll8]]>
              </value>
            </param>
          </params>
          <reporter-output>
          </reporter-output>
        </test-method> <!-- automateLogin -->
        <test-method is-config="true" signature="tearDown()[pri:0, instance:com.Ecommerce.Login.LoginTest@1b2abca6]" started-at="2026-02-08T11:46:10 IST" name="tearDown" finished-at="2026-02-08T11:46:10 IST" duration-ms="339" status="PASS">
          <reporter-output>
            <line>
              <![CDATA[Browser closed successfully]]>
            </line>
          </reporter-output>
        </test-method> <!-- tearDown -->
        <test-method is-config="true" signature="toCloseDatabase()[pri:0, instance:com.Ecommerce.Login.LoginTest@1b2abca6]" started-at="2026-02-08T11:46:35 IST" name="toCloseDatabase" finished-at="2026-02-08T11:46:35 IST" duration-ms="1" status="PASS">
          <reporter-output>
            <line>
              <![CDATA[database closed sucessfully]]>
            </line>
          </reporter-output>
        </test-method> <!-- toCloseDatabase -->
        <test-method is-config="true" signature="toCloseServer()[pri:0, instance:com.Ecommerce.Login.LoginTest@1b2abca6]" started-at="2026-02-08T11:46:35 IST" name="toCloseServer" finished-at="2026-02-08T11:46:35 IST" duration-ms="0" status="PASS">
          <reporter-output>
            <line>
              <![CDATA[server closed successfully]]>
            </line>
          </reporter-output>
        </test-method> <!-- toCloseServer -->
      </class> <!-- com.Ecommerce.Login.LoginTest -->
      <class name="com.Ecommercecom.Register.RegisterTest">
        <test-method is-config="true" signature="setUp(java.lang.String)[pri:0, instance:com.Ecommercecom.Register.RegisterTest@c88a337]" started-at="2026-02-08T11:46:10 IST" name="setUp" finished-at="2026-02-08T11:46:15 IST" duration-ms="4698" status="PASS">
          <params>
            <param index="0">
              <value>
                <![CDATA[chrome]]>
              </value>
            </param>
          </params>
          <reporter-output>
            <line>
              <![CDATA[Browser chrome launched successfully]]>
            </line>
          </reporter-output>
        </test-method> <!-- setUp -->
        <test-method signature="automateRegisterFunctionality(java.lang.String,java.lang.String,java.lang.String,java.lang.String)[pri:0, instance:com.Ecommercecom.Register.RegisterTest@c88a337]" started-at="2026-02-08T11:46:15 IST" name="automateRegisterFunctionality" data-provider="RegisterData" finished-at="2026-02-08T11:46:19 IST" duration-ms="4313" status="PASS">
          <params>
            <param index="0">
              <value>
                <![CDATA[Jordan]]>
              </value>
            </param>
            <param index="1">
              <value>
                <![CDATA[Smith]]>
              </value>
            </param>
            <param index="2">
              <value>
                <![CDATA[j.srvfdfedfvrfrdmith@example.com]]>
              </value>
            </param>
            <param index="3">
              <value>
                <![CDATA[Tr0ub4dor&]]>
              </value>
            </param>
          </params>
          <reporter-output>
          </reporter-output>
        </test-method> <!-- automateRegisterFunctionality -->
        <test-method signature="automateRegisterFunctionality(java.lang.String,java.lang.String,java.lang.String,java.lang.String)[pri:0, instance:com.Ecommercecom.Register.RegisterTest@c88a337]" started-at="2026-02-08T11:46:19 IST" name="automateRegisterFunctionality" data-provider="RegisterData" finished-at="2026-02-08T11:46:23 IST" duration-ms="3576" status="PASS">
          <params>
            <param index="0">
              <value>
                <![CDATA[Elena]]>
              </value>
            </param>
            <param index="1">
              <value>
                <![CDATA[Rodriguez]]>
              </value>
            </param>
            <param index="2">
              <value>
                <![CDATA[elendrcdvrfcfvcrtgba.rod@testmail.org]]>
              </value>
            </param>
            <param index="3">
              <value>
                <![CDATA[P@ssw0rd99!]]>
              </value>
            </param>
          </params>
          <reporter-output>
          </reporter-output>
        </test-method> <!-- automateRegisterFunctionality -->
        <test-method signature="automateRegisterFunctionality(java.lang.String,java.lang.String,java.lang.String,java.lang.String)[pri:0, instance:com.Ecommercecom.Register.RegisterTest@c88a337]" started-at="2026-02-08T11:46:23 IST" name="automateRegisterFunctionality" data-provider="RegisterData" finished-at="2026-02-08T11:46:27 IST" duration-ms="3655" status="PASS">
          <params>
            <param index="0">
              <value>
                <![CDATA[Marcus]]>
              </value>
            </param>
            <param index="1">
              <value>
                <![CDATA[Chen]]>
              </value>
            </param>
            <param index="2">
              <value>
                <![CDATA[mchddecvdfvdfrgrtn_dev@provider.net]]>
              </value>
            </param>
            <param index="3">
              <value>
                <![CDATA[K3yboard#22]]>
              </value>
            </param>
          </params>
          <reporter-output>
          </reporter-output>
        </test-method> <!-- automateRegisterFunctionality -->
        <test-method signature="automateRegisterFunctionality(java.lang.String,java.lang.String,java.lang.String,java.lang.String)[pri:0, instance:com.Ecommercecom.Register.RegisterTest@c88a337]" started-at="2026-02-08T11:46:27 IST" name="automateRegisterFunctionality" data-provider="RegisterData" finished-at="2026-02-08T11:46:30 IST" duration-ms="3909" status="PASS">
          <params>
            <param index="0">
              <value>
                <![CDATA[Sarah]]>
              </value>
            </param>
            <param index="1">
              <value>
                <![CDATA[Al-Farsi]]>
              </value>
            </param>
            <param index="2">
              <value>
                <![CDATA[sarvdfcfcdfvvah.farsi@webmail.com]]>
              </value>
            </param>
            <param index="3">
              <value>
                <![CDATA[SkyBlue!45]]>
              </value>
            </param>
          </params>
          <reporter-output>
          </reporter-output>
        </test-method> <!-- automateRegisterFunctionality -->
        <test-method signature="automateRegisterFunctionality(java.lang.String,java.lang.String,java.lang.String,java.lang.String)[pri:0, instance:com.Ecommercecom.Register.RegisterTest@c88a337]" started-at="2026-02-08T11:46:30 IST" name="automateRegisterFunctionality" data-provider="RegisterData" finished-at="2026-02-08T11:46:34 IST" duration-ms="3931" status="PASS">
          <params>
            <param index="0">
              <value>
                <![CDATA[Liam]]>
              </value>
            </param>
            <param index="1">
              <value>
                <![CDATA[O'Connor]]>
              </value>
            </param>
            <param index="2">
              <value>
                <![CDATA[liafvddevfdvfcrtfbm.oc@sample.io]]>
              </value>
            </param>
            <param index="3">
              <value>
                <![CDATA[Br1ckW@ll8]]>
              </value>
            </param>
          </params>
          <reporter-output>
          </reporter-output>
        </test-method> <!-- automateRegisterFunctionality -->
        <test-method is-config="true" signature="tearDown()[pri:0, instance:com.Ecommercecom.Register.RegisterTest@c88a337]" started-at="2026-02-08T11:46:34 IST" name="tearDown" finished-at="2026-02-08T11:46:35 IST" duration-ms="321" status="PASS">
          <reporter-output>
            <line>
              <![CDATA[Browser closed successfully]]>
            </line>
          </reporter-output>
        </test-method> <!-- tearDown -->
      </class> <!-- com.Ecommercecom.Register.RegisterTest -->
    </test> <!-- Surefire test -->
  </suite> <!-- Surefire suite -->
</testng-results>
