<?xml version="1.0" encoding="UTF-8"?>
<testsuite xmlns:xsi="http://www.w3.org/2001/XMLSchema-instance" xsi:noNamespaceSchemaLocation="https://maven.apache.org/surefire/maven-surefire-plugin/xsd/surefire-test-report-3.0.xsd" version="3.0" name="TestSuite" time="36.577" tests="6" errors="0" skipped="0" failures="0">
  <properties>
[...]
</properties>
  <testcase name="automateLogin[liam.oc@sample.io, Br1ckW@ll8](1)" classname="com.Ecommerce.Login.LoginTest" time="2.224">
    <system-out><![CDATA[server connected sucessfully
database connected sucessfully
Browser chrome launched successfully
]]></system-out>
    <system-err><![CDATA[SLF4J(W): No SLF4J providers were found.
SLF4J(W): Defaulting to no-operation (NOP) logger implementation
SLF4J(W): See https://www.slf4j.org/codes.html#noProviders for further details.
Feb 08, 2026 11:46:02 AM org.openqa.selenium.devtools.CdpVersionFinder findNearestMatch
WARNING: Unable to find an exact match for CDP version 144, returning the closest version; found: 143; Please update to a Selenium version that supports CDP version 144
]]></system-err>
  </testcase>
  <testcase name="automateRegisterFunctionality[Jordan, Smith, j.srvfdfedfvrfrdmith@example.com, Tr0ub4dor&amp;](1)" classname="com.Ecommercecom.Register.RegisterTest" time="4.313">
    <system-out><![CDATA[Browser closed successfully
Browser chrome launched successfully
]]></system-out>
    <system-err><![CDATA[Feb 08, 2026 11:46:12 AM org.openqa.selenium.devtools.CdpVersionFinder findNearestMatch
WARNING: Unable to find an exact match for CDP version 144, returning the closest version; found: 143; Please update to a Selenium version that supports CDP version 144
]]></system-err>
  </testcase>
  <testcase name="automateRegisterFunctionality[Elena, Rodriguez, elendrcdvrfcfvcrtgba.rod@testmail.org, P@ssw0rd99!](2)" classname="com.Ecommercecom.Register.RegisterTest" time="3.576"/>
  <testcase name="automateRegisterFunctionality[Marcus, Chen, mchddecvdfvdfrgrtn_dev@provider.net, K3yboard#22](3)" classname="com.Ecommercecom.Register.RegisterTest" time="3.658"/>
  <testcase name="automateRegisterFunctionality[Sarah, Al-Farsi, sarvdfcfcdfvvah.farsi@webmail.com, SkyBlue!45](4)" classname="com.Ecommercecom.Register.RegisterTest" time="3.911"/>
  <testcase name="automateRegisterFunctionality[Liam, O&apos;Connor, liafvddevfdvfcrtfbm.oc@sample.io, Br1ckW@ll8](5)" classname="com.Ecommercecom.Register.RegisterTest" time="3.93"/>
</testsuite>