<?xml version="1.0" encoding="UTF-8"?>
<!-- Generated by org.testng.reporters.JUnitReportReporter -->
<testsuite hostname="LAPTOP-EEAS1CV9" failures="0" tests="2" name="com.Ecommercecom.Login.EndTest" time="0.022" errors="0" timestamp="2026-02-07T14:27:09 IST" skipped="0">
  <testcase classname="com.Ecommercecom.Login.EndTest" name="addToCartFunctionality" time="0.007">
    <system-out>
      <![CDATA[add to cart  sucess]]>
    </system-out>
  </testcase> <!-- addToCartFunctionality -->
  <testcase classname="com.Ecommercecom.Login.EndTest" name="ShoppingCartFunctionality" time="0.015">
    <system-out>
      <![CDATA[shopping cart  sucess]]>
    </system-out>
  </testcase> <!-- ShoppingCartFunctionality -->
  <system-out>
    <![CDATA[server connected sucessfully
database connected sucessfully
Browser chrome launched successfully
log in successfully
shopping cart  sucess
log out sucessfully
log in successfully
add to cart  sucess
log out sucessfully
Browser closed successfully
database closed sucessfully
server closed successfully]]>
  </system-out>
</testsuite> <!-- com.Ecommercecom.Login.EndTest -->
