<?xml version="1.0" encoding="UTF-8"?>
<!-- Generated by org.testng.reporters.JUnitReportReporter -->
<testsuite hostname="LAPTOP-EEAS1CV9" failures="0" tests="1" name="com.Ecommercecom.Login.LoginTest" time="0.014" errors="0" timestamp="2026-02-07T14:23:37 IST" skipped="0">
  <testcase classname="com.Ecommercecom.Login.LoginTest" name="loginFunctionality" time="0.014">
    <system-out>
      <![CDATA[login sucess]]>
    </system-out>
  </testcase> <!-- loginFunctionality -->
  <system-out>
    <![CDATA[server connected sucessfully
database connected sucessfully
Browserchromelaunched successfully
login sucess
Browser closed successfully
database closed sucessfully
server closed successfully]]>
  </system-out>
</testsuite> <!-- com.Ecommercecom.Login.LoginTest -->
