<?xml version="1.0" encoding="UTF-8"?>
<!-- Generated by org.testng.reporters.JUnitReportReporter -->
<testsuite hostname="LAPTOP-EEAS1CV9" failures="0" tests="5" name="com.Ecommercecom.Register.RegisterTest" time="47.143" errors="0" timestamp="2026-02-08T10:31:26 IST" skipped="0">
  <testcase classname="com.Ecommercecom.Register.RegisterTest" name="automateRegisterFunctionality" time="12.024"/>
  <testcase classname="com.Ecommercecom.Register.RegisterTest" name="automateRegisterFunctionality" time="8.944"/>
  <testcase classname="com.Ecommercecom.Register.RegisterTest" name="automateRegisterFunctionality" time="8.696"/>
  <testcase classname="com.Ecommercecom.Register.RegisterTest" name="automateRegisterFunctionality" time="8.978"/>
  <testcase classname="com.Ecommercecom.Register.RegisterTest" name="automateRegisterFunctionality" time="8.501"/>
  <system-out>
    <![CDATA[server connected sucessfully
database connected sucessfully
database connected sucessfully
Browser chrome launched successfully
Browser chrome launched successfully
Browser closed successfully
database closed sucessfully
Browser closed successfully
database closed sucessfully
server closed successfully]]>
  </system-out>
</testsuite> <!-- com.Ecommercecom.Register.RegisterTest -->
