<?xml version="1.0" encoding="UTF-8"?>
<!-- Generated by org.testng.reporters.JUnitXMLReporter -->
<testsuite ignored="4" hostname="LAPTOP-EEAS1CV9" failures="0" tests="6" name="Surefire test" time="35.624" errors="0" timestamp="2026-02-08T11:46:35 IST">
  <testcase classname="com.Ecommerce.Login.LoginTest" name="automateLogin" time="2.221"/>
  <testcase classname="com.Ecommercecom.Register.RegisterTest" name="automateRegisterFunctionality" time="4.313"/>
  <testcase classname="com.Ecommercecom.Register.RegisterTest" name="automateRegisterFunctionality" time="3.576"/>
  <testcase classname="com.Ecommercecom.Register.RegisterTest" name="automateRegisterFunctionality" time="3.655"/>
  <testcase classname="com.Ecommercecom.Register.RegisterTest" name="automateRegisterFunctionality" time="3.909"/>
  <testcase classname="com.Ecommercecom.Register.RegisterTest" name="automateRegisterFunctionality" time="3.931"/>
  <testcase classname="com.Ecommerce.GenericUtility.BaseTest" name="@BeforeSuite toConnectServer" time="0.0">
    <ignored/>
  </testcase> <!-- @BeforeSuite toConnectServer -->
  <testcase classname="com.Ecommerce.GenericUtility.BaseTest" name="@BeforeTest toConnectDatabase" time="0.0">
    <ignored/>
  </testcase> <!-- @BeforeTest toConnectDatabase -->
  <testcase classname="com.Ecommerce.GenericUtility.BaseTest" name="@AfterSuite toCloseServer" time="0.0">
    <ignored/>
  </testcase> <!-- @AfterSuite toCloseServer -->
  <testcase classname="com.Ecommerce.GenericUtility.BaseTest" name="@AfterTest toCloseDatabase" time="0.0">
    <ignored/>
  </testcase> <!-- @AfterTest toCloseDatabase -->
</testsuite> <!-- Surefire test -->
