<?xml version="1.0" encoding="UTF-8"?>
<!-- Generated by org.testng.reporters.JUnitReportReporter -->
<testsuite hostname="LAPTOP-EEAS1CV9" failures="0" tests="5" name="com.Ecommercecom.Register.RegisterTest" time="19.384" errors="0" timestamp="2026-02-08T11:46:35 IST" skipped="0">
  <testcase classname="com.Ecommercecom.Register.RegisterTest" name="automateRegisterFunctionality" time="4.313"/>
  <testcase classname="com.Ecommercecom.Register.RegisterTest" name="automateRegisterFunctionality" time="3.909"/>
  <testcase classname="com.Ecommercecom.Register.RegisterTest" name="automateRegisterFunctionality" time="3.655"/>
  <testcase classname="com.Ecommercecom.Register.RegisterTest" name="automateRegisterFunctionality" time="3.931"/>
  <testcase classname="com.Ecommercecom.Register.RegisterTest" name="automateRegisterFunctionality" time="3.576"/>
  <system-out>
    <![CDATA[server connected sucessfully
database connected sucessfully
Browser chrome launched successfully
Browser closed successfully
Browser chrome launched successfully
Browser closed successfully
database closed sucessfully
server closed successfully]]>
  </system-out>
</testsuite> <!-- com.Ecommercecom.Register.RegisterTest -->
