<?xml version="1.0" encoding="UTF-8"?>
<!-- Generated by org.testng.reporters.JUnitReportReporter -->
<testsuite hostname="LAPTOP-EEAS1CV9" failures="0" tests="1" name="com.Ecommerce.Login.LoginTest" time="2.221" errors="0" timestamp="2026-02-08T11:46:35 IST" skipped="0">
  <testcase classname="com.Ecommerce.Login.LoginTest" name="automateLogin" time="2.221"/>
  <system-out>
    <![CDATA[server connected sucessfully
database connected sucessfully
Browser chrome launched successfully
Browser closed successfully
Browser chrome launched successfully
Browser closed successfully
database closed sucessfully
server closed successfully]]>
  </system-out>
</testsuite> <!-- com.Ecommerce.Login.LoginTest -->
