<?xml version="1.0" encoding="UTF-8"?>
<testng-results ignored="1" total="2" passed="1" failed="0" skipped="0">
  <reporter-output>
    <line>
      <![CDATA[server connected sucessfully]]>
    </line>
    <line>
      <![CDATA[database connected sucessfully]]>
    </line>
    <line>
      <![CDATA[Browser chrome launched successfully]]>
    </line>
    <line>
      <![CDATA[Browser closed successfully]]>
    </line>
    <line>
      <![CDATA[database closed sucessfully]]>
    </line>
    <line>
      <![CDATA[server closed successfully]]>
    </line>
  </reporter-output>
  <suite started-at="2026-02-08T10:41:20 IST" name="Suite" finished-at="2026-02-08T10:41:30 IST" duration-ms="10000">
    <groups>
      <group name="FT">
        <method signature="LoginTest.automateLogin(java.lang.String,java.lang.String)[pri:0, instance:com.Ecommerce.Login.LoginTest@17fc391b]" name="automateLogin" class="com.Ecommerce.Login.LoginTest"/>
      </group> <!-- FT -->
    </groups>
    <test started-at="2026-02-08T10:41:20 IST" name="Test" finished-at="2026-02-08T10:41:30 IST" duration-ms="10000">
      <class name="com.Ecommerce.Login.LoginTest">
        <test-method is-config="true" signature="setUp(java.lang.String)[pri:0, instance:com.Ecommerce.Login.LoginTest@17fc391b]" started-at="2026-02-08T10:41:20 IST" name="setUp" finished-at="2026-02-08T10:41:25 IST" duration-ms="5700" status="PASS">
          <params>
            <param index="0">
              <value>
                <![CDATA[chrome]]>
              </value>
            </param>
          </params>
          <reporter-output>
            <line>
              <![CDATA[Browser chrome launched successfully]]>
            </line>
          </reporter-output>
        </test-method> <!-- setUp -->
        <test-method signature="automateLogin(java.lang.String,java.lang.String)[pri:0, instance:com.Ecommerce.Login.LoginTest@17fc391b]" started-at="2026-02-08T10:41:27 IST" name="automateLogin" data-provider="loginData" finished-at="2026-02-08T10:41:29 IST" duration-ms="2792" status="PASS">
          <params>
            <param index="0">
              <value>
                <![CDATA[liam.oc@sample.io]]>
              </value>
            </param>
            <param index="1">
              <value>
                <![CDATA[Br1ckW@ll8]]>
              </value>
            </param>
          </params>
          <reporter-output>
          </reporter-output>
        </test-method> <!-- automateLogin -->
        <test-method is-config="true" signature="tearDown()[pri:0, instance:com.Ecommerce.Login.LoginTest@17fc391b]" started-at="2026-02-08T10:41:29 IST" name="tearDown" finished-at="2026-02-08T10:41:30 IST" duration-ms="287" status="PASS">
          <reporter-output>
            <line>
              <![CDATA[Browser closed successfully]]>
            </line>
          </reporter-output>
        </test-method> <!-- tearDown -->
      </class> <!-- com.Ecommerce.Login.LoginTest -->
      <class name="com.Ecommercecom.Register.RegisterTest">
        <test-method is-config="true" signature="toConnectServer()[pri:0, instance:com.Ecommercecom.Register.RegisterTest@7c37508a]" started-at="2026-02-08T10:41:20 IST" name="toConnectServer" finished-at="2026-02-08T10:41:20 IST" duration-ms="16" status="PASS">
          <reporter-output>
            <line>
              <![CDATA[server connected sucessfully]]>
            </line>
          </reporter-output>
        </test-method> <!-- toConnectServer -->
        <test-method is-config="true" signature="toConnectDatabase()[pri:0, instance:com.Ecommercecom.Register.RegisterTest@7c37508a]" started-at="2026-02-08T10:41:20 IST" name="toConnectDatabase" finished-at="2026-02-08T10:41:20 IST" duration-ms="0" status="PASS">
          <reporter-output>
            <line>
              <![CDATA[database connected sucessfully]]>
            </line>
          </reporter-output>
        </test-method> <!-- toConnectDatabase -->
        <test-method is-config="true" signature="toCloseDatabase()[pri:0, instance:com.Ecommercecom.Register.RegisterTest@7c37508a]" started-at="2026-02-08T10:41:30 IST" name="toCloseDatabase" finished-at="2026-02-08T10:41:30 IST" duration-ms="1" status="PASS">
          <reporter-output>
            <line>
              <![CDATA[database closed sucessfully]]>
            </line>
          </reporter-output>
        </test-method> <!-- toCloseDatabase -->
        <test-method is-config="true" signature="toCloseServer()[pri:0, instance:com.Ecommercecom.Register.RegisterTest@7c37508a]" started-at="2026-02-08T10:41:30 IST" name="toCloseServer" finished-at="2026-02-08T10:41:30 IST" duration-ms="1" status="PASS">
          <reporter-output>
            <line>
              <![CDATA[server closed successfully]]>
            </line>
          </reporter-output>
        </test-method> <!-- toCloseServer -->
      </class> <!-- com.Ecommercecom.Register.RegisterTest -->
    </test> <!-- Test -->
  </suite> <!-- Suite -->
</testng-results>
