<?xml version="1.0" encoding="UTF-8"?>
<!-- Generated by org.testng.reporters.JUnitXMLReporter -->
<testsuite ignored="5" hostname="LAPTOP-EEAS1CV9" failures="0" tests="1" name="Test" time="10.0" errors="0" timestamp="2026-02-08T10:41:30 IST">
  <testcase classname="com.Ecommerce.Login.LoginTest" name="automateLogin" time="2.792"/>
  <testcase classname="com.Ecommerce.GenericUtility.BaseTest" name="@BeforeSuite toConnectServer" time="0.0">
    <ignored/>
  </testcase> <!-- @BeforeSuite toConnectServer -->
  <testcase classname="com.Ecommerce.GenericUtility.BaseTest" name="@BeforeTest toConnectDatabase" time="0.0">
    <ignored/>
  </testcase> <!-- @BeforeTest toConnectDatabase -->
  <testcase classname="com.Ecommerce.GenericUtility.BaseTest" name="@AfterTest toCloseDatabase" time="0.0">
    <ignored/>
  </testcase> <!-- @AfterTest toCloseDatabase -->
  <testcase classname="com.Ecommercecom.Register.RegisterTest" name="automateRegisterFunctionality" time="0.0">
    <ignored/>
  </testcase> <!-- automateRegisterFunctionality -->
  <testcase classname="com.Ecommerce.GenericUtility.BaseTest" name="@AfterSuite toCloseServer" time="0.0">
    <ignored/>
  </testcase> <!-- @AfterSuite toCloseServer -->
</testsuite> <!-- Test -->
