<?xml version="1.0" encoding="UTF-8"?>
<!-- Generated by org.testng.reporters.JUnitXMLReporter -->
<testsuite ignored="0" hostname="LAPTOP-EEAS1CV9" failures="0" tests="5" name="Test1" time="56.075" errors="0" timestamp="2026-02-08T10:31:26 IST">
  <testcase classname="com.Ecommercecom.Register.RegisterTest" name="automateRegisterFunctionality" time="8.696"/>
  <testcase classname="com.Ecommercecom.Register.RegisterTest" name="automateRegisterFunctionality" time="8.501"/>
  <testcase classname="com.Ecommercecom.Register.RegisterTest" name="automateRegisterFunctionality" time="12.024"/>
  <testcase classname="com.Ecommercecom.Register.RegisterTest" name="automateRegisterFunctionality" time="8.944"/>
  <testcase classname="com.Ecommercecom.Register.RegisterTest" name="automateRegisterFunctionality" time="8.978"/>
</testsuite> <!-- Test1 -->
